[2025-03-19T19:46:52.129Z] Starting database setup script
[2025-03-19T19:46:52.130Z] Starting database setup process
[2025-03-19T19:46:52.130Z] Using database user: SRRA
[2025-03-19T19:46:52.131Z] Using connection string: localhost:1521/orcl
[2025-03-19T19:46:52.131Z] Connecting to Oracle database...
[2025-03-19T19:46:52.214Z] Connected to database successfully
[2025-03-19T19:46:52.214Z] Dropping existing database objects...
[2025-03-19T19:46:52.320Z] Dropped TABLE SRRA.RECEIPT successfully
[2025-03-19T19:46:52.350Z] Dropped TABLE SRRA.STUDENT successfully
[2025-03-19T19:46:52.447Z] Dropped TABLE SRRA.DEPARTMENT successfully
[2025-03-19T19:46:52.475Z] Dropped TABLE SRRA.USERS successfully
[2025-03-19T19:46:52.508Z] Dropped SEQUENCE SRRA.DEPARTMENT_ID_SEQ successfully
[2025-03-19T19:46:52.512Z] Dropped SEQUENCE SRRA.RECEIPT_ID_SEQ successfully
[2025-03-19T19:46:52.513Z] Executing database schema script...
[2025-03-19T19:46:52.513Z] Reading SQL file: D:\Projects\Port Sudan National University Student Registration Receipts Archive\last\server\scripts\db-schema.sql
[2025-03-19T19:46:52.514Z] Found 22 SQL statements to execute
[2025-03-19T19:46:52.515Z] Executing statement 1/22: CREATE USER SRRA IDENTIFIED BY ORCL
QUOTA UNLIMITED ON USERS
DEFAULT TABLESPACE ...
[2025-03-19T19:46:52.517Z] Warning: User already exists - ORA-01920: user name 'SRRA' conflicts with another user or role name
[2025-03-19T19:46:52.518Z] Executing statement 2/22: GRANT CONNECT, RESOURCE TO SRRA...
[2025-03-19T19:46:52.529Z] Statement 2 executed successfully
[2025-03-19T19:46:52.529Z] Executing statement 3/22: CREATE SEQUENCE SRRA.DEPARTMENT_ID_SEQ START WITH 1 INCREMENT BY 1...
[2025-03-19T19:46:52.533Z] Statement 3 executed successfully
[2025-03-19T19:46:52.533Z] Executing statement 4/22: CREATE SEQUENCE SRRA.RECEIPT_ID_SEQ START WITH 1 INCREMENT BY 1...
[2025-03-19T19:46:52.537Z] Statement 4 executed successfully
[2025-03-19T19:46:52.538Z] Executing statement 5/22: CREATE TABLE SRRA.DEPARTMENT (
DEPARTMENT_ID VARCHAR2(15) NOT NULL PRIMARY KEY,
...
[2025-03-19T19:46:52.551Z] Statement 5 executed successfully
[2025-03-19T19:46:52.553Z] Executing statement 6/22: CREATE OR REPLACE TRIGGER SRRA.TRG_DEPARTMENT_ID
BEFORE INSERT ON SRRA.DEPARTMEN...
[2025-03-19T19:46:52.561Z] Statement 6 executed successfully
[2025-03-19T19:46:52.562Z] Executing statement 7/22: CREATE TABLE SRRA.STUDENT (
STUDENT_ID VARCHAR2(15) PRIMARY KEY NOT NULL, -- Man...
[2025-03-19T19:46:52.572Z] Statement 7 executed successfully
[2025-03-19T19:46:52.573Z] Executing statement 8/22: CREATE TABLE SRRA.USERS (
USER_ID VARCHAR2(15) PRIMARY KEY NOT NULL, -- Manually...
[2025-03-19T19:46:52.585Z] Statement 8 executed successfully
[2025-03-19T19:46:52.586Z] Executing statement 9/22: CREATE TABLE SRRA.RECEIPT (
RECEIPT_ID VARCHAR2(15) NOT NULL PRIMARY KEY,
STUDEN...
[2025-03-19T19:46:52.655Z] Statement 9 executed successfully
[2025-03-19T19:46:52.655Z] Executing statement 10/22: CREATE OR REPLACE TRIGGER SRRA.TRG_RECEIPT_ID
BEFORE INSERT ON SRRA.RECEIPT
FOR ...
[2025-03-19T19:46:52.664Z] Statement 10 executed successfully
[2025-03-19T19:46:52.665Z] Executing statement 11/22: ALTER TABLE SRRA.STUDENT
ADD CONSTRAINT FK_DEPARTMENT FOREIGN KEY (DEPARTMENT_ID...
[2025-03-19T19:46:52.682Z] Statement 11 executed successfully
[2025-03-19T19:46:52.682Z] Executing statement 12/22: ALTER TABLE SRRA.STUDENT
ADD CONSTRAINT CHK_SEMESTER_NO_STUDENT CHECK (SEMESTER_...
[2025-03-19T19:46:52.695Z] Statement 12 executed successfully
[2025-03-19T19:46:52.695Z] Executing statement 13/22: ALTER TABLE SRRA.RECEIPT
ADD CONSTRAINT FK_STUDENT FOREIGN KEY (STUDENT_ID) REFE...
[2025-03-19T19:46:52.705Z] Statement 13 executed successfully
[2025-03-19T19:46:52.706Z] Executing statement 14/22: ALTER TABLE SRRA.RECEIPT
ADD CONSTRAINT FK_ENTERED_BY FOREIGN KEY (ENTERED_BY) R...
[2025-03-19T19:46:52.734Z] Statement 14 executed successfully
[2025-03-19T19:46:52.734Z] Executing statement 15/22: ALTER TABLE SRRA.RECEIPT
ADD CONSTRAINT CHK_SEMESTER_NO CHECK (SEMESTER_NO > 0)...
[2025-03-19T19:46:52.745Z] Statement 15 executed successfully
[2025-03-19T19:46:52.745Z] Executing statement 16/22: CREATE INDEX IDX_STUDENT_ID ON SRRA.RECEIPT (STUDENT_ID)...
[2025-03-19T19:46:52.810Z] Statement 16 executed successfully
[2025-03-19T19:46:52.810Z] Executing statement 17/22: CREATE INDEX IDX_USER_NAME ON SRRA.USERS (USER_NAME)...
[2025-03-19T19:46:52.815Z] Statement 17 executed successfully
[2025-03-19T19:46:52.815Z] Executing statement 18/22: CREATE INDEX IDX_STUDENT_NAME ON SRRA.STUDENT (FULL_NAME)...
[2025-03-19T19:46:52.820Z] Statement 18 executed successfully
[2025-03-19T19:46:52.820Z] Executing statement 19/22: CREATE INDEX IDX_DEPARTMENT_NAME ON SRRA.DEPARTMENT (DEPARTMENT_NAME)...
[2025-03-19T19:46:52.986Z] Statement 19 executed successfully
[2025-03-19T19:46:52.987Z] Executing statement 20/22: ALTER TABLE SRRA.USERS ADD CONSTRAINT UQ_USER_NAME UNIQUE (USER_NAME)...
[2025-03-19T19:46:52.995Z] Statement 20 executed successfully
[2025-03-19T19:46:52.996Z] Executing statement 21/22: ALTER TABLE SRRA.DEPARTMENT ADD CONSTRAINT UQ_DEPARTMENT_NAME UNIQUE (DEPARTMENT...
[2025-03-19T19:46:53.028Z] Statement 21 executed successfully
[2025-03-19T19:46:53.029Z] Executing statement 22/22: COMMIT...
[2025-03-19T19:46:53.030Z] Statement 22 executed successfully
[2025-03-19T19:46:53.030Z] SQL script execution completed successfully
[2025-03-19T19:46:53.030Z] Creating admin user...
[2025-03-19T19:46:53.116Z] Password hashed successfully
[2025-03-19T19:46:53.122Z] Admin user created successfully
[2025-03-19T19:46:53.123Z] Database setup completed successfully
[2025-03-19T19:46:53.132Z] Database connection closed
