[2025-03-28T19:28:23.765Z] Starting database setup script
[2025-03-28T19:28:23.767Z] Starting database setup process
[2025-03-28T19:28:23.767Z] Using database user: SRRA
[2025-03-28T19:28:23.768Z] Using connection string: localhost:1521/orcl
[2025-03-28T19:28:23.768Z] Connecting to Oracle database...
[2025-03-28T19:28:23.834Z] Starting database setup process
[2025-03-28T19:28:23.835Z] Using database user: SRRA
[2025-03-28T19:28:23.835Z] Using connection string: localhost:1521/orcl
[2025-03-28T19:28:23.836Z] Connecting to Oracle database...
[2025-03-28T19:28:23.879Z] Connected to database successfully
[2025-03-28T19:28:23.880Z] Dropping existing database objects...
[2025-03-28T19:28:23.881Z] Connected to database successfully
[2025-03-28T19:28:23.882Z] Dropping existing database objects...
[2025-03-28T19:28:24.028Z] Warning: TABLE SRRA.RECEIPT does not exist
[2025-03-28T19:28:24.032Z] Warning: TABLE SRRA.STUDENT does not exist
[2025-03-28T19:28:24.032Z] Warning: TABLE SRRA.RECEIPT does not exist
[2025-03-28T19:28:24.035Z] Warning: TABLE SRRA.DEPARTMENT does not exist
[2025-03-28T19:28:24.037Z] Warning: TABLE SRRA.STUDENT does not exist
[2025-03-28T19:28:24.040Z] Warning: TABLE SRRA.USERS does not exist
[2025-03-28T19:28:24.043Z] Warning: TABLE SRRA.DEPARTMENT does not exist
[2025-03-28T19:28:24.044Z] Warning: Sequence SRRA.DEPARTMENT_ID_SEQ does not exist
[2025-03-28T19:28:24.047Z] Warning: TABLE SRRA.USERS does not exist
[2025-03-28T19:28:24.047Z] Warning: Sequence SRRA.RECEIPT_ID_SEQ does not exist
[2025-03-28T19:28:24.048Z] Executing database schema script...
[2025-03-28T19:28:24.050Z] Reading SQL file: D:\last\server\scripts\db-schema.sql
[2025-03-28T19:28:24.054Z] Found 20 SQL statements to execute
[2025-03-28T19:28:24.054Z] Executing statement 1/20: CREATE USER SRRA IDENTIFIED BY ORCL
QUOTA UNLIMITED ON USERS
DEFAULT TABLESPACE ...
[2025-03-28T19:28:24.056Z] Warning: Sequence SRRA.DEPARTMENT_ID_SEQ does not exist
[2025-03-28T19:28:24.058Z] Warning: Sequence SRRA.RECEIPT_ID_SEQ does not exist
[2025-03-28T19:28:24.059Z] Executing database schema script...
[2025-03-28T19:28:24.059Z] Reading SQL file: D:\last\server\scripts\db-schema.sql
[2025-03-28T19:28:24.060Z] Found 20 SQL statements to execute
[2025-03-28T19:28:24.061Z] Executing statement 1/20: CREATE USER SRRA IDENTIFIED BY ORCL
QUOTA UNLIMITED ON USERS
DEFAULT TABLESPACE ...
[2025-03-28T19:28:24.147Z] Statement 1 executed successfully
[2025-03-28T19:28:24.147Z] Executing statement 2/20: GRANT CONNECT, RESOURCE TO SRRA...
[2025-03-28T19:28:24.148Z] Warning: User already exists - ORA-01920: user name 'SRRA' conflicts with another user or role name
[2025-03-28T19:28:24.149Z] Executing statement 2/20: GRANT CONNECT, RESOURCE TO SRRA...
[2025-03-28T19:28:24.155Z] Statement 2 executed successfully
[2025-03-28T19:28:24.156Z] Executing statement 3/20: CREATE SEQUENCE SRRA.DEPARTMENT_ID_SEQ START WITH 1 INCREMENT BY 1...
[2025-03-28T19:28:24.165Z] Statement 2 executed successfully
[2025-03-28T19:28:24.167Z] Executing statement 3/20: CREATE SEQUENCE SRRA.DEPARTMENT_ID_SEQ START WITH 1 INCREMENT BY 1...
[2025-03-28T19:28:24.174Z] Statement 3 executed successfully
[2025-03-28T19:28:24.174Z] Executing statement 4/20: CREATE SEQUENCE SRRA.RECEIPT_ID_SEQ START WITH 1 INCREMENT BY 1...
[2025-03-28T19:28:24.175Z] Warning: Object already exists - ORA-00955: name is already used by an existing object
[2025-03-28T19:28:24.176Z] Executing statement 4/20: CREATE SEQUENCE SRRA.RECEIPT_ID_SEQ START WITH 1 INCREMENT BY 1...
[2025-03-28T19:28:24.178Z] Statement 4 executed successfully
[2025-03-28T19:28:24.178Z] Executing statement 5/20: CREATE TABLE SRRA.DEPARTMENT (
DEPARTMENT_ID VARCHAR2(15) NOT NULL PRIMARY KEY,
...
[2025-03-28T19:28:24.179Z] Warning: Object already exists - ORA-00955: name is already used by an existing object
[2025-03-28T19:28:24.180Z] Executing statement 5/20: CREATE TABLE SRRA.DEPARTMENT (
DEPARTMENT_ID VARCHAR2(15) NOT NULL PRIMARY KEY,
...
[2025-03-28T19:28:24.245Z] Warning: Object already exists - ORA-00955: name is already used by an existing object
[2025-03-28T19:28:24.246Z] Executing statement 6/20: CREATE TABLE SRRA.STUDENT (
STUDENT_ID VARCHAR2(15) PRIMARY KEY NOT NULL, -- Man...
[2025-03-28T19:28:24.246Z] Statement 5 executed successfully
[2025-03-28T19:28:24.247Z] Executing statement 6/20: CREATE TABLE SRRA.STUDENT (
STUDENT_ID VARCHAR2(15) PRIMARY KEY NOT NULL, -- Man...
[2025-03-28T19:28:24.256Z] Statement 6 executed successfully
[2025-03-28T19:28:24.257Z] Executing statement 7/20: CREATE TABLE SRRA.USERS (
USER_ID VARCHAR2(15) PRIMARY KEY NOT NULL, -- Manually...
[2025-03-28T19:28:24.258Z] Warning: Object already exists - ORA-00955: name is already used by an existing object
[2025-03-28T19:28:24.259Z] Executing statement 7/20: CREATE TABLE SRRA.USERS (
USER_ID VARCHAR2(15) PRIMARY KEY NOT NULL, -- Manually...
[2025-03-28T19:28:24.271Z] Statement 7 executed successfully
[2025-03-28T19:28:24.271Z] Executing statement 8/20: CREATE TABLE SRRA.RECEIPT (
RECEIPT_ID VARCHAR2(15) NOT NULL PRIMARY KEY,
STUDEN...
[2025-03-28T19:28:24.273Z] Warning: Object already exists - ORA-00955: name is already used by an existing object
[2025-03-28T19:28:24.273Z] Executing statement 8/20: CREATE TABLE SRRA.RECEIPT (
RECEIPT_ID VARCHAR2(15) NOT NULL PRIMARY KEY,
STUDEN...
[2025-03-28T19:28:24.289Z] Statement 8 executed successfully
[2025-03-28T19:28:24.290Z] Executing statement 9/20: ALTER TABLE SRRA.STUDENT
ADD CONSTRAINT FK_DEPARTMENT FOREIGN KEY (DEPARTMENT_ID...
[2025-03-28T19:28:24.292Z] Warning: Object already exists - ORA-00955: name is already used by an existing object
[2025-03-28T19:28:24.293Z] Executing statement 9/20: ALTER TABLE SRRA.STUDENT
ADD CONSTRAINT FK_DEPARTMENT FOREIGN KEY (DEPARTMENT_ID...
[2025-03-28T19:28:24.352Z] Statement 9 executed successfully
[2025-03-28T19:28:24.353Z] Executing statement 10/20: ALTER TABLE SRRA.STUDENT
ADD CONSTRAINT CHK_SEMESTER_NO_STUDENT CHECK (SEMESTER_...
[2025-03-28T19:28:24.354Z] Warning: Constraint already exists - ORA-02275: such a referential constraint already exists in the table
[2025-03-28T19:28:24.355Z] Executing statement 10/20: ALTER TABLE SRRA.STUDENT
ADD CONSTRAINT CHK_SEMESTER_NO_STUDENT CHECK (SEMESTER_...
[2025-03-28T19:28:24.361Z] Statement 10 executed successfully
[2025-03-28T19:28:24.362Z] Executing statement 11/20: ALTER TABLE SRRA.RECEIPT
ADD CONSTRAINT FK_STUDENT FOREIGN KEY (STUDENT_ID) REFE...
[2025-03-28T19:28:24.378Z] Statement 11 executed successfully
[2025-03-28T19:28:24.379Z] Executing statement 12/20: ALTER TABLE SRRA.RECEIPT
ADD CONSTRAINT FK_ENTERED_BY FOREIGN KEY (ENTERED_BY) R...
[2025-03-28T19:28:24.380Z] Warning: Constraint name already in use - ORA-02264: name already used by an existing constraint
[2025-03-28T19:28:24.388Z] Executing statement 11/20: ALTER TABLE SRRA.RECEIPT
ADD CONSTRAINT FK_STUDENT FOREIGN KEY (STUDENT_ID) REFE...
[2025-03-28T19:28:24.394Z] Statement 12 executed successfully
[2025-03-28T19:28:24.395Z] Executing statement 13/20: ALTER TABLE SRRA.RECEIPT
ADD CONSTRAINT CHK_SEMESTER_NO CHECK (SEMESTER_NO > 0)...
[2025-03-28T19:28:24.400Z] Warning: Constraint already exists - ORA-02275: such a referential constraint already exists in the table
[2025-03-28T19:28:24.402Z] Executing statement 12/20: ALTER TABLE SRRA.RECEIPT
ADD CONSTRAINT FK_ENTERED_BY FOREIGN KEY (ENTERED_BY) R...
[2025-03-28T19:28:24.407Z] Statement 13 executed successfully
[2025-03-28T19:28:24.408Z] Executing statement 14/20: CREATE INDEX IDX_STUDENT_ID ON SRRA.RECEIPT (STUDENT_ID)...
[2025-03-28T19:28:24.411Z] Warning: Constraint already exists - ORA-02275: such a referential constraint already exists in the table
[2025-03-28T19:28:24.412Z] Executing statement 13/20: ALTER TABLE SRRA.RECEIPT
ADD CONSTRAINT CHK_SEMESTER_NO CHECK (SEMESTER_NO > 0)...
[2025-03-28T19:28:24.418Z] Statement 14 executed successfully
[2025-03-28T19:28:24.420Z] Executing statement 15/20: CREATE INDEX IDX_USER_NAME ON SRRA.USERS (USER_NAME)...
[2025-03-28T19:28:24.422Z] Warning: Constraint name already in use - ORA-02264: name already used by an existing constraint
[2025-03-28T19:28:24.423Z] Executing statement 14/20: CREATE INDEX IDX_STUDENT_ID ON SRRA.RECEIPT (STUDENT_ID)...
[2025-03-28T19:28:24.428Z] Warning: Object already exists - ORA-00955: name is already used by an existing object
[2025-03-28T19:28:24.429Z] Executing statement 15/20: CREATE INDEX IDX_USER_NAME ON SRRA.USERS (USER_NAME)...
[2025-03-28T19:28:24.434Z] Statement 15 executed successfully
[2025-03-28T19:28:24.436Z] Executing statement 16/20: CREATE INDEX IDX_STUDENT_NAME ON SRRA.STUDENT (FULL_NAME)...
[2025-03-28T19:28:24.437Z] Warning: Object already exists - ORA-00955: name is already used by an existing object
[2025-03-28T19:28:24.439Z] Executing statement 16/20: CREATE INDEX IDX_STUDENT_NAME ON SRRA.STUDENT (FULL_NAME)...
[2025-03-28T19:28:24.446Z] Statement 16 executed successfully
[2025-03-28T19:28:24.449Z] Executing statement 17/20: CREATE INDEX IDX_DEPARTMENT_NAME ON SRRA.DEPARTMENT (DEPARTMENT_NAME)...
[2025-03-28T19:28:24.451Z] Warning: Object already exists - ORA-00955: name is already used by an existing object
[2025-03-28T19:28:24.453Z] Executing statement 17/20: CREATE INDEX IDX_DEPARTMENT_NAME ON SRRA.DEPARTMENT (DEPARTMENT_NAME)...
[2025-03-28T19:28:24.458Z] Statement 17 executed successfully
[2025-03-28T19:28:24.458Z] Executing statement 18/20: ALTER TABLE SRRA.USERS ADD CONSTRAINT UQ_USER_NAME UNIQUE (USER_NAME)...
[2025-03-28T19:28:24.459Z] Warning: Object already exists - ORA-00955: name is already used by an existing object
[2025-03-28T19:28:24.460Z] Executing statement 18/20: ALTER TABLE SRRA.USERS ADD CONSTRAINT UQ_USER_NAME UNIQUE (USER_NAME)...
[2025-03-28T19:28:24.469Z] Statement 18 executed successfully
[2025-03-28T19:28:24.470Z] Executing statement 19/20: ALTER TABLE SRRA.DEPARTMENT ADD CONSTRAINT UQ_DEPARTMENT_NAME UNIQUE (DEPARTMENT...
[2025-03-28T19:28:24.472Z] Error executing statement 18: ORA-02261: such unique or primary key already exists in the table
[2025-03-28T19:28:24.474Z] Full statement: ALTER TABLE SRRA.USERS ADD CONSTRAINT UQ_USER_NAME UNIQUE (USER_NAME)
[2025-03-28T19:28:24.474Z] Error executing script: ORA-02261: such unique or primary key already exists in the table
[2025-03-28T19:28:24.476Z] Error during database setup:
[2025-03-28T19:28:24.476Z] Error message: ORA-02261: such unique or primary key already exists in the table
[2025-03-28T19:28:24.478Z] Oracle error code: 2261
[2025-03-28T19:28:24.483Z] Database connection closed
