[2025-03-19T19:47:49.551Z] Starting database setup script
[2025-03-19T19:47:49.552Z] Starting database setup process
[2025-03-19T19:47:49.552Z] Using database user: SRRA
[2025-03-19T19:47:49.553Z] Using connection string: localhost:1521/orcl
[2025-03-19T19:47:49.553Z] Connecting to Oracle database...
[2025-03-19T19:47:49.606Z] Connected to database successfully
[2025-03-19T19:47:49.606Z] Dropping existing database objects...
[2025-03-19T19:47:49.832Z] Dropped TABLE SRRA.RECEIPT successfully
[2025-03-19T19:47:49.874Z] Dropped TABLE SRRA.STUDENT successfully
[2025-03-19T19:47:50.053Z] Dropped TABLE SRRA.DEPARTMENT successfully
[2025-03-19T19:47:50.145Z] Dropped TABLE SRRA.USERS successfully
[2025-03-19T19:47:50.159Z] Dropped SEQUENCE SRRA.DEPARTMENT_ID_SEQ successfully
[2025-03-19T19:47:50.165Z] Dropped SEQUENCE SRRA.RECEIPT_ID_SEQ successfully
[2025-03-19T19:47:50.166Z] Executing database schema script...
[2025-03-19T19:47:50.166Z] Reading SQL file: D:\Projects\Port Sudan National University Student Registration Receipts Archive\last\server\scripts\db-schema.sql
[2025-03-19T19:47:50.168Z] Found 20 SQL statements to execute
[2025-03-19T19:47:50.168Z] Executing statement 1/20: CREATE USER SRRA IDENTIFIED BY ORCL
QUOTA UNLIMITED ON USERS
DEFAULT TABLESPACE ...
[2025-03-19T19:47:50.171Z] Warning: User already exists - ORA-01920: user name 'SRRA' conflicts with another user or role name
[2025-03-19T19:47:50.172Z] Executing statement 2/20: GRANT CONNECT, RESOURCE TO SRRA...
[2025-03-19T19:47:50.179Z] Statement 2 executed successfully
[2025-03-19T19:47:50.180Z] Executing statement 3/20: CREATE SEQUENCE SRRA.DEPARTMENT_ID_SEQ START WITH 1 INCREMENT BY 1...
[2025-03-19T19:47:50.183Z] Statement 3 executed successfully
[2025-03-19T19:47:50.183Z] Executing statement 4/20: CREATE SEQUENCE SRRA.RECEIPT_ID_SEQ START WITH 1 INCREMENT BY 1...
[2025-03-19T19:47:50.187Z] Statement 4 executed successfully
[2025-03-19T19:47:50.187Z] Executing statement 5/20: CREATE TABLE SRRA.DEPARTMENT (
DEPARTMENT_ID VARCHAR2(15) NOT NULL PRIMARY KEY,
...
[2025-03-19T19:47:50.256Z] Statement 5 executed successfully
[2025-03-19T19:47:50.257Z] Executing statement 6/20: CREATE TABLE SRRA.STUDENT (
STUDENT_ID VARCHAR2(15) PRIMARY KEY NOT NULL, -- Man...
[2025-03-19T19:47:50.270Z] Statement 6 executed successfully
[2025-03-19T19:47:50.270Z] Executing statement 7/20: CREATE TABLE SRRA.USERS (
USER_ID VARCHAR2(15) PRIMARY KEY NOT NULL, -- Manually...
[2025-03-19T19:47:50.286Z] Statement 7 executed successfully
[2025-03-19T19:47:50.286Z] Executing statement 8/20: CREATE TABLE SRRA.RECEIPT (
RECEIPT_ID VARCHAR2(15) NOT NULL PRIMARY KEY,
STUDEN...
[2025-03-19T19:47:50.320Z] Statement 8 executed successfully
[2025-03-19T19:47:50.321Z] Executing statement 9/20: ALTER TABLE SRRA.STUDENT
ADD CONSTRAINT FK_DEPARTMENT FOREIGN KEY (DEPARTMENT_ID...
[2025-03-19T19:47:50.332Z] Statement 9 executed successfully
[2025-03-19T19:47:50.332Z] Executing statement 10/20: ALTER TABLE SRRA.STUDENT
ADD CONSTRAINT CHK_SEMESTER_NO_STUDENT CHECK (SEMESTER_...
[2025-03-19T19:47:50.344Z] Statement 10 executed successfully
[2025-03-19T19:47:50.345Z] Executing statement 11/20: ALTER TABLE SRRA.RECEIPT
ADD CONSTRAINT FK_STUDENT FOREIGN KEY (STUDENT_ID) REFE...
[2025-03-19T19:47:50.357Z] Statement 11 executed successfully
[2025-03-19T19:47:50.357Z] Executing statement 12/20: ALTER TABLE SRRA.RECEIPT
ADD CONSTRAINT FK_ENTERED_BY FOREIGN KEY (ENTERED_BY) R...
[2025-03-19T19:47:50.419Z] Statement 12 executed successfully
[2025-03-19T19:47:50.420Z] Executing statement 13/20: ALTER TABLE SRRA.RECEIPT
ADD CONSTRAINT CHK_SEMESTER_NO CHECK (SEMESTER_NO > 0)...
[2025-03-19T19:47:50.436Z] Statement 13 executed successfully
[2025-03-19T19:47:50.436Z] Executing statement 14/20: CREATE INDEX IDX_STUDENT_ID ON SRRA.RECEIPT (STUDENT_ID)...
[2025-03-19T19:47:50.445Z] Statement 14 executed successfully
[2025-03-19T19:47:50.445Z] Executing statement 15/20: CREATE INDEX IDX_USER_NAME ON SRRA.USERS (USER_NAME)...
[2025-03-19T19:47:50.450Z] Statement 15 executed successfully
[2025-03-19T19:47:50.451Z] Executing statement 16/20: CREATE INDEX IDX_STUDENT_NAME ON SRRA.STUDENT (FULL_NAME)...
[2025-03-19T19:47:50.455Z] Statement 16 executed successfully
[2025-03-19T19:47:50.456Z] Executing statement 17/20: CREATE INDEX IDX_DEPARTMENT_NAME ON SRRA.DEPARTMENT (DEPARTMENT_NAME)...
[2025-03-19T19:47:50.462Z] Statement 17 executed successfully
[2025-03-19T19:47:50.462Z] Executing statement 18/20: ALTER TABLE SRRA.USERS ADD CONSTRAINT UQ_USER_NAME UNIQUE (USER_NAME)...
[2025-03-19T19:47:50.471Z] Statement 18 executed successfully
[2025-03-19T19:47:50.471Z] Executing statement 19/20: ALTER TABLE SRRA.DEPARTMENT ADD CONSTRAINT UQ_DEPARTMENT_NAME UNIQUE (DEPARTMENT...
[2025-03-19T19:47:50.490Z] Statement 19 executed successfully
[2025-03-19T19:47:50.490Z] Executing statement 20/20: COMMIT...
[2025-03-19T19:47:50.491Z] Statement 20 executed successfully
[2025-03-19T19:47:50.491Z] SQL script execution completed successfully
[2025-03-19T19:47:50.492Z] Creating admin user...
[2025-03-19T19:47:50.574Z] Password hashed successfully
[2025-03-19T19:47:50.579Z] Admin user created successfully
[2025-03-19T19:47:50.579Z] Database setup completed successfully
[2025-03-19T19:47:50.582Z] Database connection closed
