[2025-03-28T20:46:07.879Z] Starting database setup script
[2025-03-28T20:46:07.880Z] Starting database setup process
[2025-03-28T20:46:07.880Z] Using database user: SRRA
[2025-03-28T20:46:07.881Z] Using connection string: localhost:1521/orcl
[2025-03-28T20:46:07.881Z] Connecting to Oracle database...
[2025-03-28T20:46:07.949Z] Connected to database successfully
[2025-03-28T20:46:07.950Z] Dropping existing database objects...
[2025-03-28T20:46:08.182Z] Warning: TABLE SRRA.RECEIPT does not exist
[2025-03-28T20:46:08.567Z] Dropped TABLE SRRA.STUDENT successfully
[2025-03-28T20:46:08.572Z] Warning: TABLE SRRA.DEPARTMENT does not exist
[2025-03-28T20:46:08.616Z] Dropped TABLE SRRA.USERS successfully
[2025-03-28T20:46:08.704Z] Dropped SEQUENCE SRRA.DEPARTMENT_ID_SEQ successfully
[2025-03-28T20:46:08.710Z] Dropped SEQUENCE SRRA.RECEIPT_ID_SEQ successfully
[2025-03-28T20:46:08.711Z] Executing database schema script...
[2025-03-28T20:46:08.712Z] Reading SQL file: D:\last\server\scripts\db-schema.sql
[2025-03-28T20:46:08.713Z] Found 20 SQL statements to execute
[2025-03-28T20:46:08.714Z] Executing statement 1/20: CREATE USER SRRA IDENTIFIED BY ORCL
QUOTA UNLIMITED ON USERS
DEFAULT TABLESPACE ...
[2025-03-28T20:46:08.759Z] Warning: User already exists - ORA-01920: user name 'SRRA' conflicts with another user or role name
[2025-03-28T20:46:08.760Z] Executing statement 2/20: GRANT CONNECT, RESOURCE TO SRRA...
[2025-03-28T20:46:08.789Z] Statement 2 executed successfully
[2025-03-28T20:46:08.790Z] Executing statement 3/20: CREATE SEQUENCE SRRA.DEPARTMENT_ID_SEQ START WITH 1 INCREMENT BY 1...
[2025-03-28T20:46:08.825Z] Statement 3 executed successfully
[2025-03-28T20:46:08.826Z] Executing statement 4/20: CREATE SEQUENCE SRRA.RECEIPT_ID_SEQ START WITH 1 INCREMENT BY 1...
[2025-03-28T20:46:08.832Z] Statement 4 executed successfully
[2025-03-28T20:46:08.835Z] Executing statement 5/20: CREATE TABLE SRRA.DEPARTMENT (
DEPARTMENT_ID VARCHAR2(15) NOT NULL PRIMARY KEY,
...
[2025-03-28T20:46:08.935Z] Statement 5 executed successfully
[2025-03-28T20:46:08.936Z] Executing statement 6/20: CREATE TABLE SRRA.STUDENT (
STUDENT_ID VARCHAR2(15) PRIMARY KEY NOT NULL, -- Man...
[2025-03-28T20:46:08.957Z] Statement 6 executed successfully
[2025-03-28T20:46:08.959Z] Executing statement 7/20: CREATE TABLE SRRA.USERS (
USER_ID VARCHAR2(15) PRIMARY KEY NOT NULL, -- Manually...
[2025-03-28T20:46:08.993Z] Statement 7 executed successfully
[2025-03-28T20:46:08.994Z] Executing statement 8/20: CREATE TABLE SRRA.RECEIPT (
RECEIPT_ID VARCHAR2(15) NOT NULL PRIMARY KEY,
STUDEN...
[2025-03-28T20:46:09.018Z] Statement 8 executed successfully
[2025-03-28T20:46:09.018Z] Executing statement 9/20: ALTER TABLE SRRA.STUDENT
ADD CONSTRAINT FK_DEPARTMENT FOREIGN KEY (DEPARTMENT_ID...
[2025-03-28T20:46:09.039Z] Statement 9 executed successfully
[2025-03-28T20:46:09.039Z] Executing statement 10/20: ALTER TABLE SRRA.STUDENT
ADD CONSTRAINT CHK_SEMESTER_NO_STUDENT CHECK (SEMESTER_...
[2025-03-28T20:46:09.061Z] Statement 10 executed successfully
[2025-03-28T20:46:09.061Z] Executing statement 11/20: ALTER TABLE SRRA.RECEIPT
ADD CONSTRAINT FK_STUDENT FOREIGN KEY (STUDENT_ID) REFE...
[2025-03-28T20:46:09.074Z] Statement 11 executed successfully
[2025-03-28T20:46:09.074Z] Executing statement 12/20: ALTER TABLE SRRA.RECEIPT
ADD CONSTRAINT FK_ENTERED_BY FOREIGN KEY (ENTERED_BY) R...
[2025-03-28T20:46:09.086Z] Statement 12 executed successfully
[2025-03-28T20:46:09.087Z] Executing statement 13/20: ALTER TABLE SRRA.RECEIPT
ADD CONSTRAINT CHK_SEMESTER_NO CHECK (SEMESTER_NO > 0)...
[2025-03-28T20:46:09.097Z] Statement 13 executed successfully
[2025-03-28T20:46:09.098Z] Executing statement 14/20: CREATE INDEX IDX_STUDENT_ID ON SRRA.RECEIPT (STUDENT_ID)...
[2025-03-28T20:46:09.105Z] Statement 14 executed successfully
[2025-03-28T20:46:09.106Z] Executing statement 15/20: CREATE INDEX IDX_USER_NAME ON SRRA.USERS (USER_NAME)...
[2025-03-28T20:46:09.114Z] Statement 15 executed successfully
[2025-03-28T20:46:09.114Z] Executing statement 16/20: CREATE INDEX IDX_STUDENT_NAME ON SRRA.STUDENT (FULL_NAME)...
[2025-03-28T20:46:09.122Z] Statement 16 executed successfully
[2025-03-28T20:46:09.122Z] Executing statement 17/20: CREATE INDEX IDX_DEPARTMENT_NAME ON SRRA.DEPARTMENT (DEPARTMENT_NAME)...
[2025-03-28T20:46:09.130Z] Statement 17 executed successfully
[2025-03-28T20:46:09.131Z] Executing statement 18/20: ALTER TABLE SRRA.USERS ADD CONSTRAINT UQ_USER_NAME UNIQUE (USER_NAME)...
[2025-03-28T20:46:09.142Z] Statement 18 executed successfully
[2025-03-28T20:46:09.143Z] Executing statement 19/20: ALTER TABLE SRRA.DEPARTMENT ADD CONSTRAINT UQ_DEPARTMENT_NAME UNIQUE (DEPARTMENT...
[2025-03-28T20:46:09.154Z] Statement 19 executed successfully
[2025-03-28T20:46:09.155Z] Executing statement 20/20: COMMIT...
[2025-03-28T20:46:09.156Z] Statement 20 executed successfully
[2025-03-28T20:46:09.157Z] SQL script execution completed successfully
[2025-03-28T20:46:09.157Z] Creating admin user...
[2025-03-28T20:46:09.254Z] Password hashed successfully
[2025-03-28T20:46:09.261Z] Admin user created successfully
[2025-03-28T20:46:09.261Z] Database setup completed successfully
[2025-03-28T20:46:09.264Z] Database connection closed
