[2025-03-19T18:23:17.023Z] Starting database setup
[2025-03-19T18:23:17.095Z] Connecting to database...
[2025-03-19T18:23:17.163Z] Connected to database successfully
[2025-03-19T18:23:17.164Z] Executing SQL file: db-schema.sql
[2025-03-19T18:23:17.166Z] Executing statement 1/24: BEGIN...
[2025-03-19T18:23:17.438Z] Error executing statement 1: ORA-06550: line 9, column 1:
PLS-00103: Encountered the symbol "/" The symbol "/" was ignored.
[2025-03-19T18:23:17.439Z] Full statement: BEGIN
  EXECUTE IMMEDIATE 'DROP SEQUENCE SRRA.DEPARTMENT_ID_SEQ';
EXCEPTION
  WHEN OTHERS THEN
    IF SQLCODE = -2289 THEN NULL; -- ORA-02289: sequence does not exist
    ELSE RAISE;
    END IF;
END;
/
[2025-03-19T18:23:17.455Z] Error details: {
  "errorNum": 6550,
  "offset": 208
}
[2025-03-19T18:23:17.457Z] Error executing script: ORA-06550: line 9, column 1:
PLS-00103: Encountered the symbol "/" The symbol "/" was ignored.
[2025-03-19T18:23:17.458Z] Error details: {
  "errorNum": 6550,
  "offset": 208
}
[2025-03-19T18:23:17.459Z] Database setup failed
