[2025-03-28T20:58:12.437Z] Starting database setup script
[2025-03-28T20:58:12.439Z] Starting database setup process
[2025-03-28T20:58:12.439Z] Using database user: SRRA
[2025-03-28T20:58:12.440Z] Using connection string: localhost:1521/orcl
[2025-03-28T20:58:12.440Z] Connecting to Oracle database...
[2025-03-28T20:58:12.528Z] Connected to database successfully
[2025-03-28T20:58:12.529Z] Dropping existing database objects...
[2025-03-28T20:58:12.598Z] Dropped TABLE SRRA.RECEIPT successfully
[2025-03-28T20:58:12.635Z] Dropped TABLE SRRA.STUDENT successfully
[2025-03-28T20:58:12.672Z] Dropped TABLE SRRA.DEPARTMENT successfully
[2025-03-28T20:58:12.711Z] Dropped TABLE SRRA.USERS successfully
[2025-03-28T20:58:12.717Z] Dropped SEQUENCE SRRA.DEPARTMENT_ID_SEQ successfully
[2025-03-28T20:58:12.723Z] Dropped SEQUENCE SRRA.RECEIPT_ID_SEQ successfully
[2025-03-28T20:58:12.724Z] Executing database schema script...
[2025-03-28T20:58:12.725Z] Reading SQL file: D:\last\server\scripts\db-schema.sql
[2025-03-28T20:58:12.727Z] Found 20 SQL statements to execute
[2025-03-28T20:58:12.727Z] Executing statement 1/20: CREATE USER SRRA IDENTIFIED BY ORCL
QUOTA UNLIMITED ON USERS
DEFAULT TABLESPACE ...
[2025-03-28T20:58:12.731Z] Warning: User already exists - ORA-01920: user name 'SRRA' conflicts with another user or role name
[2025-03-28T20:58:12.732Z] Executing statement 2/20: GRANT CONNECT, RESOURCE TO SRRA...
[2025-03-28T20:58:12.741Z] Statement 2 executed successfully
[2025-03-28T20:58:12.742Z] Executing statement 3/20: CREATE SEQUENCE SRRA.DEPARTMENT_ID_SEQ START WITH 1 INCREMENT BY 1...
[2025-03-28T20:58:12.747Z] Statement 3 executed successfully
[2025-03-28T20:58:12.748Z] Executing statement 4/20: CREATE SEQUENCE SRRA.RECEIPT_ID_SEQ START WITH 1 INCREMENT BY 1...
[2025-03-28T20:58:12.758Z] Statement 4 executed successfully
[2025-03-28T20:58:12.759Z] Executing statement 5/20: CREATE TABLE SRRA.DEPARTMENT (
DEPARTMENT_ID VARCHAR2(15) NOT NULL PRIMARY KEY,
...
[2025-03-28T20:58:12.785Z] Statement 5 executed successfully
[2025-03-28T20:58:12.786Z] Executing statement 6/20: CREATE TABLE SRRA.STUDENT (
STUDENT_ID VARCHAR2(15) PRIMARY KEY NOT NULL, -- Man...
[2025-03-28T20:58:12.799Z] Statement 6 executed successfully
[2025-03-28T20:58:12.799Z] Executing statement 7/20: CREATE TABLE SRRA.USERS (
USER_ID VARCHAR2(15) PRIMARY KEY NOT NULL, -- Manually...
[2025-03-28T20:58:12.814Z] Statement 7 executed successfully
[2025-03-28T20:58:12.814Z] Executing statement 8/20: CREATE TABLE SRRA.RECEIPT (
RECEIPT_ID VARCHAR2(15) NOT NULL PRIMARY KEY,
STUDEN...
[2025-03-28T20:58:12.834Z] Statement 8 executed successfully
[2025-03-28T20:58:12.834Z] Executing statement 9/20: ALTER TABLE SRRA.STUDENT
ADD CONSTRAINT FK_DEPARTMENT FOREIGN KEY (DEPARTMENT_ID...
[2025-03-28T20:58:12.845Z] Statement 9 executed successfully
[2025-03-28T20:58:12.846Z] Executing statement 10/20: ALTER TABLE SRRA.STUDENT
ADD CONSTRAINT CHK_SEMESTER_NO_STUDENT CHECK (SEMESTER_...
[2025-03-28T20:58:12.854Z] Statement 10 executed successfully
[2025-03-28T20:58:12.854Z] Executing statement 11/20: ALTER TABLE SRRA.RECEIPT
ADD CONSTRAINT FK_STUDENT FOREIGN KEY (STUDENT_ID) REFE...
[2025-03-28T20:58:12.866Z] Statement 11 executed successfully
[2025-03-28T20:58:12.866Z] Executing statement 12/20: ALTER TABLE SRRA.RECEIPT
ADD CONSTRAINT FK_ENTERED_BY FOREIGN KEY (ENTERED_BY) R...
[2025-03-28T20:58:12.877Z] Statement 12 executed successfully
[2025-03-28T20:58:12.878Z] Executing statement 13/20: ALTER TABLE SRRA.RECEIPT
ADD CONSTRAINT CHK_SEMESTER_NO CHECK (SEMESTER_NO > 0)...
[2025-03-28T20:58:12.888Z] Statement 13 executed successfully
[2025-03-28T20:58:12.888Z] Executing statement 14/20: CREATE INDEX IDX_STUDENT_ID ON SRRA.RECEIPT (STUDENT_ID)...
[2025-03-28T20:58:12.896Z] Statement 14 executed successfully
[2025-03-28T20:58:12.896Z] Executing statement 15/20: CREATE INDEX IDX_USER_NAME ON SRRA.USERS (USER_NAME)...
[2025-03-28T20:58:12.901Z] Statement 15 executed successfully
[2025-03-28T20:58:12.901Z] Executing statement 16/20: CREATE INDEX IDX_STUDENT_NAME ON SRRA.STUDENT (FULL_NAME)...
[2025-03-28T20:58:12.906Z] Statement 16 executed successfully
[2025-03-28T20:58:12.908Z] Executing statement 17/20: CREATE INDEX IDX_DEPARTMENT_NAME ON SRRA.DEPARTMENT (DEPARTMENT_NAME)...
[2025-03-28T20:58:12.915Z] Statement 17 executed successfully
[2025-03-28T20:58:12.916Z] Executing statement 18/20: ALTER TABLE SRRA.USERS ADD CONSTRAINT UQ_USER_NAME UNIQUE (USER_NAME)...
[2025-03-28T20:58:12.923Z] Statement 18 executed successfully
[2025-03-28T20:58:12.924Z] Executing statement 19/20: ALTER TABLE SRRA.DEPARTMENT ADD CONSTRAINT UQ_DEPARTMENT_NAME UNIQUE (DEPARTMENT...
[2025-03-28T20:58:12.934Z] Statement 19 executed successfully
[2025-03-28T20:58:12.935Z] Executing statement 20/20: COMMIT...
[2025-03-28T20:58:12.936Z] Statement 20 executed successfully
[2025-03-28T20:58:12.936Z] SQL script execution completed successfully
[2025-03-28T20:58:12.936Z] Creating admin user...
[2025-03-28T20:58:13.026Z] Password hashed successfully
[2025-03-28T20:58:13.031Z] Admin user created successfully
[2025-03-28T20:58:13.032Z] Database setup completed successfully
[2025-03-28T20:58:13.036Z] Database connection closed
