[2025-03-19T18:32:29.834Z] Starting database setup script
[2025-03-19T18:32:29.838Z] Starting database setup process
[2025-03-19T18:32:29.839Z] Using database user: SRRA
[2025-03-19T18:32:29.839Z] Using connection string: localhost:1521/orcl
[2025-03-19T18:32:29.839Z] Connecting to Oracle database...
[2025-03-19T18:32:29.891Z] Connected to database successfully
[2025-03-19T18:32:29.892Z] Dropping existing database objects...
[2025-03-19T18:32:29.896Z] Warning: TABLE SRRA.RECEIPT does not exist
[2025-03-19T18:32:29.899Z] Warning: TABLE SRRA.STUDENT does not exist
[2025-03-19T18:32:29.902Z] Warning: TABLE SRRA.DEPARTMENT does not exist
[2025-03-19T18:32:29.905Z] Warning: TABLE SRRA.USERS does not exist
[2025-03-19T18:32:29.906Z] Warning: Sequence SRRA.DEPARTMENT_ID_SEQ does not exist
[2025-03-19T18:32:29.908Z] Warning: Sequence SRRA.RECEIPT_ID_SEQ does not exist
[2025-03-19T18:32:29.908Z] Executing database schema script...
[2025-03-19T18:32:29.909Z] Reading SQL file: D:\Projects\Port Sudan National University Student Registration Receipts Archive\last\server\scripts\db-schema.sql
[2025-03-19T18:32:29.910Z] Found 22 SQL statements to execute
[2025-03-19T18:32:29.910Z] Executing statement 1/22: CREATE USER SRRA IDENTIFIED BY ORCL
QUOTA UNLIMITED ON USERS
DEFAULT TABLESPACE ...
[2025-03-19T18:32:29.912Z] Warning: User already exists - ORA-01920: user name 'SRRA' conflicts with another user or role name
[2025-03-19T18:32:29.913Z] Executing statement 2/22: GRANT CONNECT, RESOURCE TO SRRA...
[2025-03-19T18:32:30.350Z] Statement 2 executed successfully
[2025-03-19T18:32:30.351Z] Executing statement 3/22: CREATE SEQUENCE SRRA.DEPARTMENT_ID_SEQ START WITH 1 INCREMENT BY 1...
[2025-03-19T18:32:30.353Z] Statement 3 executed successfully
[2025-03-19T18:32:30.354Z] Executing statement 4/22: CREATE SEQUENCE SRRA.RECEIPT_ID_SEQ START WITH 1 INCREMENT BY 1...
[2025-03-19T18:32:30.367Z] Statement 4 executed successfully
[2025-03-19T18:32:30.367Z] Executing statement 5/22: CREATE TABLE SRRA.DEPARTMENT (
DEPARTMENT_ID VARCHAR2(15) NOT NULL PRIMARY KEY,
...
[2025-03-19T18:32:31.362Z] Statement 5 executed successfully
[2025-03-19T18:32:31.362Z] Executing statement 6/22: CREATE OR REPLACE TRIGGER SRRA.TRG_DEPARTMENT_ID
BEFORE INSERT ON SRRA.DEPARTMEN...
[2025-03-19T18:32:32.275Z] Statement 6 executed successfully
[2025-03-19T18:32:32.276Z] Executing statement 7/22: CREATE TABLE SRRA.STUDENT (
STUDENT_ID VARCHAR2(15) PRIMARY KEY NOT NULL, -- Man...
[2025-03-19T18:32:32.366Z] Statement 7 executed successfully
[2025-03-19T18:32:32.367Z] Executing statement 8/22: CREATE TABLE SRRA.USERS (
USER_ID VARCHAR2(15) PRIMARY KEY NOT NULL, -- Manually...
[2025-03-19T18:32:32.457Z] Statement 8 executed successfully
[2025-03-19T18:32:32.457Z] Executing statement 9/22: CREATE TABLE SRRA.RECEIPT (
RECEIPT_ID VARCHAR2(15) NOT NULL PRIMARY KEY,
STUDEN...
[2025-03-19T18:32:32.558Z] Statement 9 executed successfully
[2025-03-19T18:32:32.558Z] Executing statement 10/22: CREATE OR REPLACE TRIGGER SRRA.TRG_RECEIPT_ID
BEFORE INSERT ON SRRA.RECEIPT
FOR ...
[2025-03-19T18:32:32.646Z] Statement 10 executed successfully
[2025-03-19T18:32:32.647Z] Executing statement 11/22: ALTER TABLE SRRA.STUDENT
ADD CONSTRAINT FK_DEPARTMENT FOREIGN KEY (DEPARTMENT_ID...
[2025-03-19T18:32:33.015Z] Statement 11 executed successfully
[2025-03-19T18:32:33.015Z] Executing statement 12/22: ALTER TABLE SRRA.STUDENT
ADD CONSTRAINT CHK_SEMESTER_NO_STUDENT CHECK (SEMESTER_...
[2025-03-19T18:32:33.243Z] Statement 12 executed successfully
[2025-03-19T18:32:33.243Z] Executing statement 13/22: ALTER TABLE SRRA.RECEIPT
ADD CONSTRAINT FK_STUDENT FOREIGN KEY (STUDENT_ID) REFE...
[2025-03-19T18:32:33.275Z] Statement 13 executed successfully
[2025-03-19T18:32:33.276Z] Executing statement 14/22: ALTER TABLE SRRA.RECEIPT
ADD CONSTRAINT FK_ENTERED_BY FOREIGN KEY (ENTERED_BY) R...
[2025-03-19T18:32:33.286Z] Statement 14 executed successfully
[2025-03-19T18:32:33.286Z] Executing statement 15/22: ALTER TABLE SRRA.RECEIPT
ADD CONSTRAINT CHK_SEMESTER_NO CHECK (SEMESTER_NO > 0)...
[2025-03-19T18:32:33.293Z] Statement 15 executed successfully
[2025-03-19T18:32:33.294Z] Executing statement 16/22: CREATE INDEX IDX_STUDENT_ID ON SRRA.RECEIPT (STUDENT_ID)...
[2025-03-19T18:32:33.414Z] Statement 16 executed successfully
[2025-03-19T18:32:33.414Z] Executing statement 17/22: CREATE INDEX IDX_USER_NAME ON SRRA.USERS (USER_NAME)...
[2025-03-19T18:32:33.418Z] Statement 17 executed successfully
[2025-03-19T18:32:33.419Z] Executing statement 18/22: CREATE INDEX IDX_STUDENT_NAME ON SRRA.STUDENT (FULL_NAME)...
[2025-03-19T18:32:33.505Z] Statement 18 executed successfully
[2025-03-19T18:32:33.505Z] Executing statement 19/22: CREATE INDEX IDX_DEPARTMENT_NAME ON SRRA.DEPARTMENT (DEPARTMENT_NAME)...
[2025-03-19T18:32:33.510Z] Statement 19 executed successfully
[2025-03-19T18:32:33.511Z] Executing statement 20/22: ALTER TABLE SRRA.USERS ADD CONSTRAINT UQ_USER_NAME UNIQUE (USER_NAME)...
[2025-03-19T18:32:33.575Z] Statement 20 executed successfully
[2025-03-19T18:32:33.575Z] Executing statement 21/22: ALTER TABLE SRRA.DEPARTMENT ADD CONSTRAINT UQ_DEPARTMENT_NAME UNIQUE (DEPARTMENT...
[2025-03-19T18:32:33.583Z] Statement 21 executed successfully
[2025-03-19T18:32:33.584Z] Executing statement 22/22: COMMIT...
[2025-03-19T18:32:33.585Z] Statement 22 executed successfully
[2025-03-19T18:32:33.585Z] SQL script execution completed successfully
[2025-03-19T18:32:33.585Z] Database setup completed successfully
[2025-03-19T18:32:33.589Z] Database connection closed
